mode: set
bringeee-capstone/services/order/order_service.go:43.17,53.2 1 1
bringeee-capstone/services/order/order_service.go:67.158,73.16 3 1
bringeee-capstone/services/order/order_service.go:78.2,80.31 3 1
bringeee-capstone/services/order/order_service.go:85.2,85.23 1 1
bringeee-capstone/services/order/order_service.go:73.16,75.3 1 1
bringeee-capstone/services/order/order_service.go:80.31,84.3 3 1
bringeee-capstone/services/order/order_service.go:99.122,101.16 2 1
bringeee-capstone/services/order/order_service.go:104.2,105.15 2 1
bringeee-capstone/services/order/order_service.go:108.2,108.21 1 1
bringeee-capstone/services/order/order_service.go:111.2,116.8 1 1
bringeee-capstone/services/order/order_service.go:101.16,103.3 1 1
bringeee-capstone/services/order/order_service.go:105.15,107.3 1 1
bringeee-capstone/services/order/order_service.go:108.21,110.3 1 1
bringeee-capstone/services/order/order_service.go:128.74,130.16 2 1
bringeee-capstone/services/order/order_service.go:135.2,141.22 6 1
bringeee-capstone/services/order/order_service.go:130.16,132.3 1 1
bringeee-capstone/services/order/order_service.go:153.105,156.16 2 1
bringeee-capstone/services/order/order_service.go:161.2,167.22 6 1
bringeee-capstone/services/order/order_service.go:156.16,158.3 1 1
bringeee-capstone/services/order/order_service.go:178.220,181.16 2 1
bringeee-capstone/services/order/order_service.go:186.2,187.16 2 1
bringeee-capstone/services/order/order_service.go:192.2,200.33 7 1
bringeee-capstone/services/order/order_service.go:213.2,220.16 3 1
bringeee-capstone/services/order/order_service.go:223.2,229.16 5 1
bringeee-capstone/services/order/order_service.go:234.2,238.16 3 1
bringeee-capstone/services/order/order_service.go:245.2,245.22 1 1
bringeee-capstone/services/order/order_service.go:181.16,183.3 1 1
bringeee-capstone/services/order/order_service.go:187.16,189.3 1 1
bringeee-capstone/services/order/order_service.go:200.33,201.16 1 1
bringeee-capstone/services/order/order_service.go:202.24,205.18 3 1
bringeee-capstone/services/order/order_service.go:208.4,208.32 1 1
bringeee-capstone/services/order/order_service.go:205.18,207.5 1 1
bringeee-capstone/services/order/order_service.go:220.16,222.3 1 1
bringeee-capstone/services/order/order_service.go:229.16,231.3 1 1
bringeee-capstone/services/order/order_service.go:238.16,244.3 1 1
bringeee-capstone/services/order/order_service.go:256.112,258.16 2 1
bringeee-capstone/services/order/order_service.go:263.2,264.16 2 1
bringeee-capstone/services/order/order_service.go:269.2,269.76 1 1
bringeee-capstone/services/order/order_service.go:277.2,281.16 5 1
bringeee-capstone/services/order/order_service.go:284.2,285.12 2 1
bringeee-capstone/services/order/order_service.go:258.16,260.3 1 1
bringeee-capstone/services/order/order_service.go:264.16,266.3 1 1
bringeee-capstone/services/order/order_service.go:269.76,274.3 1 1
bringeee-capstone/services/order/order_service.go:281.16,283.3 1 1
bringeee-capstone/services/order/order_service.go:295.87,298.16 2 1
bringeee-capstone/services/order/order_service.go:303.2,303.25 1 1
bringeee-capstone/services/order/order_service.go:308.2,308.76 1 1
bringeee-capstone/services/order/order_service.go:316.2,316.14 1 1
bringeee-capstone/services/order/order_service.go:329.2,329.13 1 1
bringeee-capstone/services/order/order_service.go:339.2,342.16 4 1
bringeee-capstone/services/order/order_service.go:345.2,346.12 2 1
bringeee-capstone/services/order/order_service.go:298.16,300.3 1 1
bringeee-capstone/services/order/order_service.go:303.25,305.3 1 1
bringeee-capstone/services/order/order_service.go:308.76,313.3 1 1
bringeee-capstone/services/order/order_service.go:316.14,317.39 1 1
bringeee-capstone/services/order/order_service.go:317.39,322.4 1 1
bringeee-capstone/services/order/order_service.go:322.9,322.53 1 1
bringeee-capstone/services/order/order_service.go:322.53,327.4 1 1
bringeee-capstone/services/order/order_service.go:329.13,330.46 1 1
bringeee-capstone/services/order/order_service.go:330.46,335.4 1 1
bringeee-capstone/services/order/order_service.go:342.16,344.3 1 1
bringeee-capstone/services/order/order_service.go:356.86,359.16 2 1
bringeee-capstone/services/order/order_service.go:364.2,364.107 1 1
bringeee-capstone/services/order/order_service.go:372.2,372.14 1 1
bringeee-capstone/services/order/order_service.go:382.2,385.16 4 1
bringeee-capstone/services/order/order_service.go:388.2,389.12 2 1
bringeee-capstone/services/order/order_service.go:359.16,361.3 1 1
bringeee-capstone/services/order/order_service.go:364.107,369.3 1 1
bringeee-capstone/services/order/order_service.go:372.14,373.39 1 1
bringeee-capstone/services/order/order_service.go:373.39,378.4 1 1
bringeee-capstone/services/order/order_service.go:385.16,387.3 1 1
bringeee-capstone/services/order/order_service.go:400.142,403.16 2 1
bringeee-capstone/services/order/order_service.go:407.2,411.16 3 1
bringeee-capstone/services/order/order_service.go:416.2,416.33 1 1
bringeee-capstone/services/order/order_service.go:421.2,421.61 1 1
bringeee-capstone/services/order/order_service.go:426.2,426.61 1 1
bringeee-capstone/services/order/order_service.go:440.2,440.16 1 1
bringeee-capstone/services/order/order_service.go:445.2,449.16 5 1
bringeee-capstone/services/order/order_service.go:452.2,454.24 2 1
bringeee-capstone/services/order/order_service.go:403.16,405.3 1 1
bringeee-capstone/services/order/order_service.go:411.16,413.3 1 1
bringeee-capstone/services/order/order_service.go:416.33,418.3 1 1
bringeee-capstone/services/order/order_service.go:421.61,423.3 1 1
bringeee-capstone/services/order/order_service.go:427.27,428.75 1 1
bringeee-capstone/services/order/order_service.go:429.27,430.75 1 1
bringeee-capstone/services/order/order_service.go:431.27,432.75 1 1
bringeee-capstone/services/order/order_service.go:433.31,434.79 1 1
bringeee-capstone/services/order/order_service.go:435.31,436.79 1 1
bringeee-capstone/services/order/order_service.go:437.10,438.96 1 1
bringeee-capstone/services/order/order_service.go:440.16,442.3 1 1
bringeee-capstone/services/order/order_service.go:449.16,451.3 1 1
bringeee-capstone/services/order/order_service.go:465.87,468.16 2 1
bringeee-capstone/services/order/order_service.go:473.2,474.16 2 1
bringeee-capstone/services/order/order_service.go:477.2,477.24 1 1
bringeee-capstone/services/order/order_service.go:468.16,470.3 1 1
bringeee-capstone/services/order/order_service.go:474.16,476.3 1 1
bringeee-capstone/services/order/order_service.go:487.62,490.16 2 1
bringeee-capstone/services/order/order_service.go:494.2,494.33 1 1
bringeee-capstone/services/order/order_service.go:498.2,498.31 1 1
bringeee-capstone/services/order/order_service.go:506.2,507.16 2 1
bringeee-capstone/services/order/order_service.go:511.2,515.16 5 1
bringeee-capstone/services/order/order_service.go:518.2,518.12 1 1
bringeee-capstone/services/order/order_service.go:490.16,492.3 1 1
bringeee-capstone/services/order/order_service.go:494.33,496.3 1 1
bringeee-capstone/services/order/order_service.go:498.31,503.3 1 1
bringeee-capstone/services/order/order_service.go:507.16,509.3 1 1
bringeee-capstone/services/order/order_service.go:515.16,517.3 1 1
bringeee-capstone/services/order/order_service.go:533.130,535.16 2 1
bringeee-capstone/services/order/order_service.go:538.2,540.26 3 1
bringeee-capstone/services/order/order_service.go:535.16,537.3 1 1
bringeee-capstone/services/order/order_service.go:553.78,555.16 2 1
bringeee-capstone/services/order/order_service.go:558.2,558.16 1 1
bringeee-capstone/services/order/order_service.go:566.2,568.16 3 1
bringeee-capstone/services/order/order_service.go:571.2,571.12 1 1
bringeee-capstone/services/order/order_service.go:555.16,557.3 1 1
bringeee-capstone/services/order/order_service.go:559.20,561.30 1 1
bringeee-capstone/services/order/order_service.go:562.34,564.27 2 1
bringeee-capstone/services/order/order_service.go:568.16,570.3 1 1
bringeee-capstone/services/order/order_service.go:581.70,583.16 2 1
bringeee-capstone/services/order/order_service.go:586.2,587.16 2 1
bringeee-capstone/services/order/order_service.go:590.2,590.29 1 1
bringeee-capstone/services/order/order_service.go:593.2,593.26 1 1
bringeee-capstone/services/order/order_service.go:596.2,596.45 1 1
bringeee-capstone/services/order/order_service.go:599.2,599.34 1 1
bringeee-capstone/services/order/order_service.go:602.2,606.16 5 1
bringeee-capstone/services/order/order_service.go:609.2,611.16 3 1
bringeee-capstone/services/order/order_service.go:615.2,616.12 2 1
bringeee-capstone/services/order/order_service.go:583.16,585.3 1 1
bringeee-capstone/services/order/order_service.go:587.16,589.3 1 1
bringeee-capstone/services/order/order_service.go:590.29,592.3 1 1
bringeee-capstone/services/order/order_service.go:593.26,595.3 1 1
bringeee-capstone/services/order/order_service.go:596.45,598.3 1 1
bringeee-capstone/services/order/order_service.go:599.34,601.3 1 1
bringeee-capstone/services/order/order_service.go:606.16,608.3 1 1
bringeee-capstone/services/order/order_service.go:611.16,613.3 1 1
bringeee-capstone/services/order/order_service.go:626.162,629.16 2 1
bringeee-capstone/services/order/order_service.go:632.2,633.16 2 1
bringeee-capstone/services/order/order_service.go:636.2,637.16 2 1
bringeee-capstone/services/order/order_service.go:640.2,640.34 1 1
bringeee-capstone/services/order/order_service.go:643.2,643.27 1 1
bringeee-capstone/services/order/order_service.go:646.2,646.45 1 1
bringeee-capstone/services/order/order_service.go:651.2,651.33 1 1
bringeee-capstone/services/order/order_service.go:663.2,665.16 3 1
bringeee-capstone/services/order/order_service.go:668.2,670.16 3 1
bringeee-capstone/services/order/order_service.go:674.2,676.12 2 1
bringeee-capstone/services/order/order_service.go:629.16,631.3 1 1
bringeee-capstone/services/order/order_service.go:633.16,635.3 1 1
bringeee-capstone/services/order/order_service.go:637.16,639.3 1 1
bringeee-capstone/services/order/order_service.go:640.34,642.3 1 1
bringeee-capstone/services/order/order_service.go:643.27,645.3 1 1
bringeee-capstone/services/order/order_service.go:646.45,648.3 1 1
bringeee-capstone/services/order/order_service.go:651.33,652.16 1 1
bringeee-capstone/services/order/order_service.go:653.26,656.18 3 1
bringeee-capstone/services/order/order_service.go:659.4,659.34 1 1
bringeee-capstone/services/order/order_service.go:656.18,658.5 1 1
bringeee-capstone/services/order/order_service.go:665.16,667.3 1 1
bringeee-capstone/services/order/order_service.go:670.16,672.3 1 1
bringeee-capstone/services/order/order_service.go:679.87,681.16 2 1
bringeee-capstone/services/order/order_service.go:684.2,684.24 1 1
bringeee-capstone/services/order/order_service.go:681.16,683.3 1 1
bringeee-capstone/services/order/order_service.go:693.133,696.16 2 1
bringeee-capstone/services/order/order_service.go:701.2,703.16 3 1
bringeee-capstone/services/order/order_service.go:708.2,714.16 2 1
bringeee-capstone/services/order/order_service.go:719.2,724.28 5 1
bringeee-capstone/services/order/order_service.go:696.16,698.3 1 1
bringeee-capstone/services/order/order_service.go:703.16,705.3 1 1
bringeee-capstone/services/order/order_service.go:714.16,716.3 1 1
bringeee-capstone/services/order/order_service.go:727.83,729.16 2 1
bringeee-capstone/services/order/order_service.go:732.2,732.19 1 1
bringeee-capstone/services/order/order_service.go:729.16,731.3 1 1
bringeee-capstone/services/order/order_service.go:735.74,737.15 2 1
bringeee-capstone/services/order/order_service.go:740.2,747.31 7 1
bringeee-capstone/services/order/order_service.go:757.2,757.87 1 1
bringeee-capstone/services/order/order_service.go:737.15,739.3 1 1
bringeee-capstone/services/order/order_service.go:747.31,755.3 2 1
